
<<<<<<< HEAD
SQL*Loader: Release 12.2.0.1.0 - Production on 木 2月 6 15:02:34 2020
=======
SQL*Loader: Release 12.2.0.1.0 - Production on 木 2月 6 15:03:37 2020
>>>>>>> e23412c1ca46e1bac9cd7cc028c68ff0003ee339

Copyright (c) 1982, 2017, Oracle and/or its affiliates.  All rights reserved.

制御ファイル:    EBADDRESS_DATA_TABLE.ctl
データファイルC:\Users\koyama\Documents\ECBook\sql\ok\loader\ldr\EBADDRESS_DATA_TABLE.ldr
  ファイル処理オプション文字列: "str '\r\n'"
  不良ファイル:  EBADDRESS_DATA_TABLE.bad
  廃棄ファイル:  指定なし

 (すべて廃棄できます)

ロード数: ALL
スキップ数: 0
許容エラー数: 50
バインド配列:    64行、最大256000バイト
継続文字:   1:1 = 0X23(文字 '#')次の物理レコード中
使用パス:      従来型

表"EBTEST"."EBADDRESS"、 ロード済 すべての論理レコードから
この表に対する有効な挿入オプション: APPEND
TRAILING NULLCOLSオプションは有効です。

   列名                  位置   長さ  用語暗号化データ型
------------------------------ ---------- ----- ---- ---- ---------------------
"ADDRESS_ID"                       FIRST    *  , O(")CHARACTER            
                                                      O(")
"USER_ID"                           NEXT   30  , O(")CHARACTER            
                                                      O(")
"RECEIVER_NAME"                     NEXT  100  , O(")CHARACTER            
                                                      O(")
"POSTAL_CODE"                       NEXT    *  , O(")CHARACTER            
                                                      O(")
"ADDRESS"                           NEXT  150  , O(")CHARACTER            
                                                      O(")
"TEL"                               NEXT   11  , O(")CHARACTER            
                                                      O(")

SQL*Loader-500: ファイル(C:\Users\koyama\Documents\ECBook\sql\ok\loader\ldr\EBADDRESS_DATA_TABLE.ldr)をオープンできません
SQL*Loader-553: ファイルが見つかりません。
SQL*Loader-509: システム・エラー: 指定されたファイルが見つかりません。
SQL*Loader-2026: SQLローダーが続行できないため、ロードは異常終了しました。

表"EBTEST"."EBADDRESS":
  0 行は正常にロードされました。
  0 行はデータ・エラーのためロードされませんでした。
  0 行は、すべてのWHEN句が失敗したためロードされませんでした。
  0 行はすべてのフィールドがNULLであったためロードされませんでした。


バインド配列に割り当てられた領域:    52224バイト(64行)
読取りバッファのバイト数:  1048576

スキップされた論理レコードの合計:          0
読み込まれた論理レコードの合計:             0
拒否された論理レコードの合計:               0
廃棄された論理レコードの合計:        0

<<<<<<< HEAD
実行開始木 2月  06 15:02:34 2020
実行終了木 2月  06 15:02:35 2020

実行時間:        00: 00: 00.39
CPU時間 :        00: 00: 00.20
=======
実行開始木 2月  06 15:03:37 2020
実行終了木 2月  06 15:03:37 2020

実行時間:        00: 00: 00.28
CPU時間 :        00: 00: 00.15
>>>>>>> e23412c1ca46e1bac9cd7cc028c68ff0003ee339
