
SQL*Loader: Release 12.2.0.1.0 - Production on 水 3月 4 15:44:33 2020

Copyright (c) 1982, 2017, Oracle and/or its affiliates.  All rights reserved.

制御ファイル:    EBBOOK_DATA_TABLE.ctl
データファイルEBBOOK_DATA_TABLE.ldr
  ファイル処理オプション文字列: "str '\r\n'"
  不良ファイル:  EBBOOK_DATA_TABLE.bad
  廃棄ファイル:  指定なし

 (すべて廃棄できます)

ロード数: ALL
スキップ数: 0
許容エラー数: 50
バインド配列:    64行、最大256000バイト
継続文字:   1:1 = 0X23(文字 '#')次の物理レコード中
使用パス:      従来型

表"EBTEST"."EBBOOK"、 ロード済 すべての論理レコードから
この表に対する有効な挿入オプション: APPEND
TRAILING NULLCOLSオプションは有効です。

   列名                  位置   長さ  用語暗号化データ型
------------------------------ ---------- ----- ---- ---- ---------------------
"BOOK_AMOUNT"                      FIRST    *  , O(")CHARACTER            
                                                      O(")
"BOOK_PRICE"                        NEXT    *  , O(")CHARACTER            
                                                      O(")
"GENRE_ID"                          NEXT    *  , O(")CHARACTER            
                                                      O(")
"BOOK_ISBN"                         NEXT   13  , O(")CHARACTER            
                                                      O(")
"BOOK_NAME"                         NEXT  100  , O(")CHARACTER            
                                                      O(")
"PUBLISHER"                         NEXT  100  , O(")CHARACTER            
                                                      O(")
"SERIES"                            NEXT  100  , O(")CHARACTER            
                                                      O(")
"VOLUME"                            NEXT    *  , O(")CHARACTER            
                                                      O(")
"AUTHOR"                            NEXT  100  , O(")CHARACTER            
                                                      O(")
"RELEASE_DATE"                      NEXT    *  , O(")DATE YYYY-MM-DD HH24:MI:SS
                                                      O(")
"AUDIENCE"                          NEXT  100  , O(")CHARACTER            
                                                      O(")
"LABEL"                             NEXT  100  , O(")CHARACTER            
                                                      O(")
"TEXT_CONTENT"                      NEXT 4000  , O(")CHARACTER            
                                                      O(")

ROWSパラメータに使用される値が64から43に変更されました
レコード7: 廃棄されました。- すべての列がNULLです。
レコード8: 拒否されました。- 表"EBTEST"."EBBOOK",列"BOOK_AMOUNT"でエラーが発生しました。
データファイルのフィールドが最大長を超えています
レコード9: 廃棄されました。- すべての列がNULLです。
レコード10: 廃棄されました。- すべての列がNULLです。
レコード16: 廃棄されました。- すべての列がNULLです。
レコード23: 廃棄されました。- すべての列がNULLです。
レコード32: 廃棄されました。- すべての列がNULLです。
レコード39: 廃棄されました。- すべての列がNULLです。
レコード42: 廃棄されました。- すべての列がNULLです。
レコード50: 廃棄されました。- すべての列がNULLです。
レコード53: 廃棄されました。- すべての列がNULLです。
レコード12: 拒否されました。- 表"EBTEST"."EBBOOK",列"BOOK_AMOUNT"でエラーが発生しました。
ORA-01722: 数値が無効です。

レコード13: 拒否されました。- 表"EBTEST"."EBBOOK",列"BOOK_AMOUNT"でエラーが発生しました。
ORA-01722: 数値が無効です。

レコード14: 拒否されました。- 表"EBTEST"."EBBOOK",列"BOOK_AMOUNT"でエラーが発生しました。
ORA-01722: 数値が無効です。

レコード17: 拒否されました。- 表"EBTEST"."EBBOOK",列"BOOK_AMOUNT"でエラーが発生しました。
ORA-01722: 数値が無効です。

レコード18: 拒否されました。- 表"EBTEST"."EBBOOK",列"BOOK_AMOUNT"でエラーが発生しました。
ORA-01722: 数値が無効です。

レコード19: 拒否されました。- 表"EBTEST"."EBBOOK",列"BOOK_AMOUNT"でエラーが発生しました。
ORA-01722: 数値が無効です。

レコード20: 拒否されました。- 表"EBTEST"."EBBOOK",列"BOOK_AMOUNT"でエラーが発生しました。
ORA-01722: 数値が無効です。

レコード21: 拒否されました。- 表"EBTEST"."EBBOOK",列"BOOK_AMOUNT"でエラーが発生しました。
ORA-01722: 数値が無効です。

レコード22: 拒否されました。- 表"EBTEST"."EBBOOK",列"BOOK_AMOUNT"でエラーが発生しました。
ORA-01722: 数値が無効です。

レコード26: 拒否されました。- 表"EBTEST"."EBBOOK",列"BOOK_AMOUNT"でエラーが発生しました。
ORA-01722: 数値が無効です。

レコード27: 拒否されました。- 表"EBTEST"."EBBOOK",列"BOOK_AMOUNT"でエラーが発生しました。
ORA-01722: 数値が無効です。

レコード28: 拒否されました。- 表"EBTEST"."EBBOOK",列"BOOK_AMOUNT"でエラーが発生しました。
ORA-01722: 数値が無効です。

レコード29: 拒否されました。- 表"EBTEST"."EBBOOK",列"BOOK_AMOUNT"でエラーが発生しました。
ORA-01722: 数値が無効です。

レコード30: 拒否されました。- 表"EBTEST"."EBBOOK",列"BOOK_AMOUNT"でエラーが発生しました。
ORA-01722: 数値が無効です。

レコード33: 拒否されました。- 表"EBTEST"."EBBOOK",列"BOOK_AMOUNT"でエラーが発生しました。
ORA-01722: 数値が無効です。

レコード34: 拒否されました。- 表"EBTEST"."EBBOOK",列"BOOK_AMOUNT"でエラーが発生しました。
ORA-01722: 数値が無効です。

レコード35: 拒否されました。- 表"EBTEST"."EBBOOK",列"BOOK_AMOUNT"でエラーが発生しました。
ORA-01722: 数値が無効です。

レコード40: 拒否されました。- 表"EBTEST"."EBBOOK",列"BOOK_AMOUNT"でエラーが発生しました。
ORA-01722: 数値が無効です。

レコード41: 拒否されました。- 表"EBTEST"."EBBOOK",列"BOOK_AMOUNT"でエラーが発生しました。
ORA-01722: 数値が無効です。

レコード43: 拒否されました。- 表"EBTEST"."EBBOOK",列"BOOK_AMOUNT"でエラーが発生しました。
ORA-01722: 数値が無効です。

レコード44: 拒否されました。- 表"EBTEST"."EBBOOK",列"BOOK_AMOUNT"でエラーが発生しました。
ORA-01722: 数値が無効です。

レコード45: 拒否されました。- 表"EBTEST"."EBBOOK",列"BOOK_AMOUNT"でエラーが発生しました。
ORA-01722: 数値が無効です。

レコード46: 拒否されました。- 表"EBTEST"."EBBOOK",列"BOOK_AMOUNT"でエラーが発生しました。
ORA-01722: 数値が無効です。

レコード47: 拒否されました。- 表"EBTEST"."EBBOOK",列"BOOK_AMOUNT"でエラーが発生しました。
ORA-01722: 数値が無効です。

レコード48: 拒否されました。- 表"EBTEST"."EBBOOK",列"BOOK_AMOUNT"でエラーが発生しました。
ORA-01722: 数値が無効です。

レコード49: 拒否されました。- 表"EBTEST"."EBBOOK",列"BOOK_AMOUNT"でエラーが発生しました。
ORA-01722: 数値が無効です。

レコード51: 拒否されました。- 表"EBTEST"."EBBOOK",列"BOOK_AMOUNT"でエラーが発生しました。
ORA-01722: 数値が無効です。

レコード52: 拒否されました。- 表"EBTEST"."EBBOOK",列"BOOK_AMOUNT"でエラーが発生しました。
ORA-01722: 数値が無効です。

レコード54: 拒否されました。- 表"EBTEST"."EBBOOK",列"BOOK_AMOUNT"でエラーが発生しました。
ORA-01722: 数値が無効です。

レコード57: 廃棄されました。- すべての列がNULLです。
レコード62: 廃棄されました。- すべての列がNULLです。
レコード65: 廃棄されました。- すべての列がNULLです。
レコード70: 廃棄されました。- すべての列がNULLです。
レコード71: 廃棄されました。- すべての列がNULLです。
レコード72: 廃棄されました。- すべての列がNULLです。
レコード76: 廃棄されました。- すべての列がNULLです。
レコード79: 廃棄されました。- すべての列がNULLです。
レコード80: 廃棄されました。- すべての列がNULLです。
レコード81: 廃棄されました。- すべての列がNULLです。
レコード83: 廃棄されました。- すべての列がNULLです。
レコード84: 廃棄されました。- すべての列がNULLです。
レコード85: 廃棄されました。- すべての列がNULLです。
レコード87: 廃棄されました。- すべての列がNULLです。
レコード89: 廃棄されました。- すべての列がNULLです。
レコード90: 廃棄されました。- すべての列がNULLです。
レコード91: 拒否されました。- 表"EBTEST"."EBBOOK",列"BOOK_AMOUNT"でエラーが発生しました。
データファイルのフィールドが最大長を超えています
レコード93: 廃棄されました。- すべての列がNULLです。
レコード96: 廃棄されました。- すべての列がNULLです。
レコード102: 廃棄されました。- すべての列がNULLです。
レコード104: 廃棄されました。- すべての列がNULLです。
レコード111: 廃棄されました。- すべての列がNULLです。
レコード112: 廃棄されました。- すべての列がNULLです。
レコード116: 廃棄されました。- すべての列がNULLです。
レコード118: 廃棄されました。- すべての列がNULLです。
レコード120: 廃棄されました。- すべての列がNULLです。
レコード122: 廃棄されました。- すべての列がNULLです。
レコード123: 廃棄されました。- すべての列がNULLです。
レコード55: 拒否されました。- 表"EBTEST"."EBBOOK",列"BOOK_AMOUNT"でエラーが発生しました。
ORA-01722: 数値が無効です。

レコード56: 拒否されました。- 表"EBTEST"."EBBOOK",列"BOOK_AMOUNT"でエラーが発生しました。
ORA-01722: 数値が無効です。

レコード58: 拒否されました。- 表"EBTEST"."EBBOOK",列"BOOK_AMOUNT"でエラーが発生しました。
ORA-01722: 数値が無効です。

レコード59: 拒否されました。- 表"EBTEST"."EBBOOK",列"BOOK_AMOUNT"でエラーが発生しました。
ORA-01722: 数値が無効です。

レコード60: 拒否されました。- 表"EBTEST"."EBBOOK",列"BOOK_AMOUNT"でエラーが発生しました。
ORA-01722: 数値が無効です。

レコード61: 拒否されました。- 表"EBTEST"."EBBOOK",列"BOOK_AMOUNT"でエラーが発生しました。
ORA-01722: 数値が無効です。

レコード63: 拒否されました。- 表"EBTEST"."EBBOOK",列"BOOK_AMOUNT"でエラーが発生しました。
ORA-01722: 数値が無効です。

レコード64: 拒否されました。- 表"EBTEST"."EBBOOK",列"BOOK_AMOUNT"でエラーが発生しました。
ORA-01722: 数値が無効です。

レコード66: 拒否されました。- 表"EBTEST"."EBBOOK",列"BOOK_AMOUNT"でエラーが発生しました。
ORA-01722: 数値が無効です。

レコード67: 拒否されました。- 表"EBTEST"."EBBOOK",列"BOOK_AMOUNT"でエラーが発生しました。
ORA-01722: 数値が無効です。

レコード68: 拒否されました。- 表"EBTEST"."EBBOOK",列"BOOK_AMOUNT"でエラーが発生しました。
ORA-01722: 数値が無効です。

レコード69: 拒否されました。- 表"EBTEST"."EBBOOK",列"BOOK_AMOUNT"でエラーが発生しました。
ORA-01722: 数値が無効です。

レコード73: 拒否されました。- 表"EBTEST"."EBBOOK",列"BOOK_AMOUNT"でエラーが発生しました。
ORA-01722: 数値が無効です。

レコード74: 拒否されました。- 表"EBTEST"."EBBOOK",列"BOOK_AMOUNT"でエラーが発生しました。
ORA-01722: 数値が無効です。

レコード75: 拒否されました。- 表"EBTEST"."EBBOOK",列"BOOK_AMOUNT"でエラーが発生しました。
ORA-01722: 数値が無効です。

レコード88: 拒否されました。- 表"EBTEST"."EBBOOK",列"BOOK_AMOUNT"でエラーが発生しました。
ORA-01722: 数値が無効です。

レコード94: 拒否されました。- 表"EBTEST"."EBBOOK",列"BOOK_AMOUNT"でエラーが発生しました。
ORA-01722: 数値が無効です。

レコード95: 拒否されました。- 表"EBTEST"."EBBOOK",列"BOOK_AMOUNT"でエラーが発生しました。
ORA-01722: 数値が無効です。

レコード97: 拒否されました。- 表"EBTEST"."EBBOOK",列"BOOK_AMOUNT"でエラーが発生しました。
ORA-01722: 数値が無効です。

レコード98: 拒否されました。- 表"EBTEST"."EBBOOK",列"BOOK_AMOUNT"でエラーが発生しました。
ORA-01722: 数値が無効です。


最大エラー件数を超えました - 上の統計が不完全な実行に影響しています。

表"EBTEST"."EBBOOK":
  19 行は正常にロードされました。
  51 行はデータ・エラーのためロードされませんでした。
  0 行は、すべてのWHEN句が失敗したためロードされませんでした。
  37 行はすべてのフィールドがNULLであったためロードされませんでした。


バインド配列に割り当てられた領域:   254560バイト(43行)
読取りバッファのバイト数:  1048576

スキップされた論理レコードの合計:          0
読み込まれた論理レコードの合計:           125
拒否された論理レコードの合計:              51
廃棄された論理レコードの合計:       37

実行開始水 3月  04 15:44:33 2020
実行終了水 3月  04 15:44:33 2020

実行時間:        00: 00: 00.28
CPU時間 :        00: 00: 00.16
