
SQL*Loader: Release 12.2.0.1.0 - Production on 火 2月 18 14:39:53 2020

Copyright (c) 1982, 2017, Oracle and/or its affiliates.  All rights reserved.

制御ファイル:    EBCART_DATA_TABLE.ctl
データファイルEBCART_DATA_TABLE.ldr
  ファイル処理オプション文字列: "str '\r\n'"
  不良ファイル:  EBCART_DATA_TABLE.bad
  廃棄ファイル:  指定なし

 (すべて廃棄できます)

ロード数: ALL
スキップ数: 0
許容エラー数: 50
バインド配列:    64行、最大256000バイト
継続文字:   1:1 = 0X23(文字 '#')次の物理レコード中
使用パス:      従来型

表"EBTEST"."EBCART"、 ロード済 すべての論理レコードから
この表に対する有効な挿入オプション: APPEND
TRAILING NULLCOLSオプションは有効です。

   列名                  位置   長さ  用語暗号化データ型
------------------------------ ---------- ----- ---- ---- ---------------------
"USER_ID"                          FIRST   20  , O(")CHARACTER            
                                                      O(")
"BOOK_ISBN"                         NEXT   13  , O(")CHARACTER            
                                                      O(")
"CART_AMOUNT"                       NEXT    *  , O(")CHARACTER            
                                                      O(")

レコード1: 拒否されました。- 表"EBTEST"."EBCART"でエラーが発生しました。
ORA-00001: 一意制約(EBTEST.UQ_EBCART_USER_ID)に反しています


表"EBTEST"."EBCART":
  0 行は正常にロードされました。
  1 行はデータ・エラーのためロードされませんでした。
  0 行は、すべてのWHEN句が失敗したためロードされませんでした。
  0 行はすべてのフィールドがNULLであったためロードされませんでした。


バインド配列に割り当てられた領域:    18944バイト(64行)
読取りバッファのバイト数:  1048576

スキップされた論理レコードの合計:          0
読み込まれた論理レコードの合計:             1
拒否された論理レコードの合計:               1
廃棄された論理レコードの合計:        0

実行開始火 2月  18 14:39:53 2020
実行終了火 2月  18 14:39:54 2020

実行時間:        00: 00: 00.27
CPU時間 :        00: 00: 00.16
