
SQL*Loader: Release 12.2.0.1.0 - Production on 木 2月 6 15:03:37 2020

Copyright (c) 1982, 2017, Oracle and/or its affiliates.  All rights reserved.

制御ファイル:    EBCREDIT_DATA_TABLE.ctl
データファイルEBCREDIT_DATA_TABLE.ldr
  ファイル処理オプション文字列: "str '\r\n'"
  不良ファイル:  EBCREDIT_DATA_TABLE.bad
  廃棄ファイル:  指定なし

 (すべて廃棄できます)

ロード数: ALL
スキップ数: 0
許容エラー数: 50
バインド配列:    64行、最大256000バイト
継続文字:   1:1 = 0X23(文字 '#')次の物理レコード中
使用パス:      従来型

表"EBTEST"."EBCREDIT"、 ロード済 すべての論理レコードから
この表に対する有効な挿入オプション: APPEND
TRAILING NULLCOLSオプションは有効です。

   列名                  位置   長さ  用語暗号化データ型
------------------------------ ---------- ----- ---- ---- ---------------------
"USER_ID"                          FIRST   30  , O(")CHARACTER            
                                                      O(")
"CARD_NAME"                         NEXT   30  , O(")CHARACTER            
                                                      O(")
"CARD_NUMBER"                       NEXT   16  , O(")CHARACTER            
                                                      O(")
"SECURITY_NUMBER"                   NEXT    3  , O(")CHARACTER            
                                                      O(")
"CARD_EXPIRATION"                   NEXT   11  , O(")CHARACTER            
                                                      O(")


表"EBTEST"."EBCREDIT":
  1 行は正常にロードされました。
  0 行はデータ・エラーのためロードされませんでした。
  0 行は、すべてのWHEN句が失敗したためロードされませんでした。
  0 行はすべてのフィールドがNULLであったためロードされませんでした。


バインド配列に割り当てられた領域:     6528バイト(64行)
読取りバッファのバイト数:  1048576

スキップされた論理レコードの合計:          0
読み込まれた論理レコードの合計:             1
拒否された論理レコードの合計:               0
廃棄された論理レコードの合計:        0

実行開始木 2月  06 15:03:37 2020
実行終了木 2月  06 15:03:38 2020

実行時間:        00: 00: 00.30
CPU時間 :        00: 00: 00.14
