
<<<<<<< HEAD
SQL*Loader: Release 12.2.0.1.0 - Production on 木 2月 27 14:45:07 2020
=======
SQL*Loader: Release 12.2.0.1.0 - Production on 木 2月 27 14:17:05 2020
>>>>>>> 53e71b70fde8ab12838f7602d618346fe79e1803

Copyright (c) 1982, 2017, Oracle and/or its affiliates.  All rights reserved.

制御ファイル:    EBREVIEW_DATA_TABLE.ctl
データファイルEBREVIEW_DATA_TABLE.ldr
  ファイル処理オプション文字列: "str '\r\n'"
  不良ファイル:  EBREVIEW_DATA_TABLE.bad
  廃棄ファイル:  指定なし

 (すべて廃棄できます)

ロード数: ALL
スキップ数: 0
許容エラー数: 50
バインド配列:    64行、最大256000バイト
継続文字:   1:1 = 0X23(文字 '#')次の物理レコード中
使用パス:      従来型

表"EBTEST"."EBREVIEW"、 ロード済 すべての論理レコードから
この表に対する有効な挿入オプション: APPEND
TRAILING NULLCOLSオプションは有効です。

   列名                  位置   長さ  用語暗号化データ型
------------------------------ ---------- ----- ---- ---- ---------------------
"BOOK_ISBN"                        FIRST   13  , O(")CHARACTER            
                                                      O(")
"USER_ID"                           NEXT   30  , O(")CHARACTER            
                                                      O(")
"REVIEW_TEXT"                       NEXT 4000  , O(")CHARACTER            
                                                      O(")
"REVIEW_STAR"                       NEXT    *  , O(")CHARACTER            
                                                      O(")
"REVIEW_DATE"                       NEXT    *  , O(")DATE YYYY-MM-DD HH24:MI:SS
                                                      O(")

ROWSパラメータに使用される値が64から56に変更されました

表"EBTEST"."EBREVIEW":
  1 行は正常にロードされました。
  0 行はデータ・エラーのためロードされませんでした。
  0 行は、すべてのWHEN句が失敗したためロードされませんでした。
  0 行はすべてのフィールドがNULLであったためロードされませんでした。


バインド配列に割り当てられた領域:   255696バイト(56行)
読取りバッファのバイト数:  1048576

スキップされた論理レコードの合計:          0
読み込まれた論理レコードの合計:             1
拒否された論理レコードの合計:               0
廃棄された論理レコードの合計:        0

<<<<<<< HEAD
実行開始木 2月  27 14:45:07 2020
実行終了木 2月  27 14:45:08 2020

実行時間:        00: 00: 01.33
CPU時間 :        00: 00: 00.44
=======
実行開始木 2月  27 14:17:05 2020
実行終了木 2月  27 14:17:05 2020

実行時間:        00: 00: 00.36
CPU時間 :        00: 00: 00.21
>>>>>>> 53e71b70fde8ab12838f7602d618346fe79e1803
