
<<<<<<< HEAD
SQL*Loader: Release 12.2.0.1.0 - Production on 木 2月 6 15:02:38 2020
=======
SQL*Loader: Release 12.2.0.1.0 - Production on 木 2月 6 15:03:40 2020
>>>>>>> e23412c1ca46e1bac9cd7cc028c68ff0003ee339

Copyright (c) 1982, 2017, Oracle and/or its affiliates.  All rights reserved.

制御ファイル:    EBSALES_REF_DATA_TABLE.ctl
データファイルEBSALES_REF_DATA_TABLE.ldr
  ファイル処理オプション文字列: "str '\r\n'"
  不良ファイル:  EBSALES_REF_DATA_TABLE.bad
  廃棄ファイル:  指定なし

 (すべて廃棄できます)

ロード数: ALL
スキップ数: 0
許容エラー数: 50
バインド配列:    64行、最大256000バイト
継続文字:   1:1 = 0X23(文字 '#')次の物理レコード中
使用パス:      従来型

表"EBTEST"."EBSALES_REF"、 ロード済 すべての論理レコードから
この表に対する有効な挿入オプション: APPEND
TRAILING NULLCOLSオプションは有効です。

   列名                  位置   長さ  用語暗号化データ型
------------------------------ ---------- ----- ---- ---- ---------------------
"SALES_ID"                         FIRST    *    O(")CHARACTER            
                                                      O(")
    終了記号文字列: ',|'
"BOOK_ISBN"                         NEXT   13    O(")CHARACTER            
                                                      O(")
    終了記号文字列: ',|'
"SALES_AMOUNT"                      NEXT    *    O(")CHARACTER            
                                                      O(")
    終了記号文字列: ',|'

レコード1: 拒否されました。- 表"EBTEST"."EBSALES_REF"でエラーが発生しました。
ORA-02291: 整合性制約(EBTEST.FK_EBSALES_REF_SALES_ID)に違反しました - 親キーがありません


表"EBTEST"."EBSALES_REF":
  0 行は正常にロードされました。
  1 行はデータ・エラーのためロードされませんでした。
  0 行は、すべてのWHEN句が失敗したためロードされませんでした。
  0 行はすべてのフィールドがNULLであったためロードされませんでした。


バインド配列に割り当てられた領域:    34048バイト(64行)
読取りバッファのバイト数:  1048576

スキップされた論理レコードの合計:          0
読み込まれた論理レコードの合計:             1
拒否された論理レコードの合計:               1
廃棄された論理レコードの合計:        0

<<<<<<< HEAD
実行開始木 2月  06 15:02:38 2020
実行終了木 2月  06 15:02:39 2020

実行時間:        00: 00: 00.55
CPU時間 :        00: 00: 00.23
=======
実行開始木 2月  06 15:03:40 2020
実行終了木 2月  06 15:03:40 2020

実行時間:        00: 00: 00.33
CPU時間 :        00: 00: 00.14
>>>>>>> e23412c1ca46e1bac9cd7cc028c68ff0003ee339
